{"uuid":"b819c17b-c377-4143-8652-843f4c7bceb2","name":"com.automationTest.tests.ClearTripTest","children":["87f0c945-39d1-4674-8b8c-65cba9e40ecd","db8d07e8-44bb-43e4-909f-bfa595d48ec2","30901e4a-27a5-4f0d-99e5-66d445176d39"],"befores":[{"name":"beforeClass","stage":"running","description":"","steps":[],"attachments":[],"parameters":[],"start":1607425821111},{"name":"beforeClass","status":"broken","statusDetails":{"known":false,"muted":false,"flaky":false,"message":"Exception reading resolution cache as a properties file","trace":"io.github.bonigarcia.wdm.config.WebDriverManagerException: Exception reading resolution cache as a properties file\r\n\tat io.github.bonigarcia.wdm.cache.ResolutionCache.<init>(ResolutionCache.java:93)\r\n\tat io.github.bonigarcia.wdm.WebDriverManager.initResolutionCache(WebDriverManager.java:642)\r\n\tat io.github.bonigarcia.wdm.WebDriverManager.setup(WebDriverManager.java:275)\r\n\tat com.framework.base.initializeDriver.createFor(initializeDriver.java:36)\r\n\tat com.framework.test.BaseTest.beforeClass(BaseTest.java:33)\r\n\tat java.base/jdk.internal.reflect.NativeMethodAccessorImpl.invoke0(Native Method)\r\n\tat java.base/jdk.internal.reflect.NativeMethodAccessorImpl.invoke(NativeMethodAccessorImpl.java:62)\r\n\tat java.base/jdk.internal.reflect.DelegatingMethodAccessorImpl.invoke(DelegatingMethodAccessorImpl.java:43)\r\n\tat java.base/java.lang.reflect.Method.invoke(Method.java:564)\r\n\tat org.testng.internal.MethodInvocationHelper.invokeMethod(MethodInvocationHelper.java:80)\r\n\tat org.testng.internal.Invoker.invokeConfigurationMethod(Invoker.java:564)\r\n\tat org.testng.internal.Invoker.invokeConfigurations(Invoker.java:213)\r\n\tat org.testng.internal.Invoker.invokeConfigurations(Invoker.java:138)\r\n\tat org.testng.internal.TestMethodWorker.invokeBeforeClassMethods(TestMethodWorker.java:175)\r\n\tat org.testng.internal.TestMethodWorker.run(TestMethodWorker.java:107)\r\n\tat org.testng.TestRunner.privateRun(TestRunner.java:767)\r\n\tat org.testng.TestRunner.run(TestRunner.java:617)\r\n\tat org.testng.SuiteRunner.runTest(SuiteRunner.java:334)\r\n\tat org.testng.SuiteRunner.runSequentially(SuiteRunner.java:329)\r\n\tat org.testng.SuiteRunner.privateRun(SuiteRunner.java:291)\r\n\tat org.testng.SuiteRunner.run(SuiteRunner.java:240)\r\n\tat org.testng.SuiteRunnerWorker.runSuite(SuiteRunnerWorker.java:52)\r\n\tat org.testng.SuiteRunnerWorker.run(SuiteRunnerWorker.java:86)\r\n\tat org.testng.TestNG.runSuitesSequentially(TestNG.java:1198)\r\n\tat org.testng.TestNG.runSuitesLocally(TestNG.java:1123)\r\n\tat org.testng.TestNG.run(TestNG.java:1031)\r\n\tat org.testng.remote.AbstractRemoteTestNG.run(AbstractRemoteTestNG.java:115)\r\n\tat org.testng.remote.RemoteTestNG.initAndRun(RemoteTestNG.java:251)\r\n\tat org.testng.remote.RemoteTestNG.main(RemoteTestNG.java:77)\r\nCaused by: java.io.FileNotFoundException: \\ (The system cannot find the path specified)\r\n\tat java.base/java.io.FileInputStream.open0(Native Method)\r\n\tat java.base/java.io.FileInputStream.open(FileInputStream.java:212)\r\n\tat java.base/java.io.FileInputStream.<init>(FileInputStream.java:154)\r\n\tat io.github.bonigarcia.wdm.cache.ResolutionCache.<init>(ResolutionCache.java:88)\r\n\t... 28 more\r\n"},"stage":"finished","description":"","steps":[],"attachments":[],"parameters":[],"start":1607425821111,"stop":1607425853477}],"afters":[],"links":[],"start":1607425821081,"stop":1607425854627}